<?xml version="1.0" encoding="UTF-8"?>
<!-- Generated by org.testng.reporters.JUnitReportReporter -->
<testsuite skipped="0" hostname="LAPTOP-J5KDCIMM" name="com.netbanking.testcases.TC_AddCustomer_003" tests="1" failures="0" timestamp="27 May 2020 18:56:18 GMT" time="7.078" errors="0">
  <testcase name="DummyTest" time="7.078" classname="com.netbanking.testcases.TC_AddCustomer_003"/>
</testsuite> <!-- com.netbanking.testcases.TC_AddCustomer_003 -->
