<?xml version="1.0" encoding="UTF-8"?>
<!-- Generated by org.testng.reporters.JUnitReportReporter -->
<testsuite skipped="0" hostname="LAPTOP-J5KDCIMM" name="com.netbanking.testcases.Dummy" tests="1" failures="0" timestamp="27 May 2020 18:51:21 GMT" time="7.264" errors="0">
  <testcase name="DummyTest" time="7.264" classname="com.netbanking.testcases.Dummy"/>
</testsuite> <!-- com.netbanking.testcases.Dummy -->
