<?xml version="1.0" encoding="UTF-8"?>
<!-- Generated by org.testng.reporters.JUnitReportReporter -->
<testsuite skipped="0" hostname="LAPTOP-J5KDCIMM" name="com.netbanking.testcases.TC_LoginTest_001" tests="1" failures="0" timestamp="26 May 2020 16:03:25 GMT" time="3.603" errors="0">
  <testcase name="logintest" time="3.603" classname="com.netbanking.testcases.TC_LoginTest_001"/>
</testsuite> <!-- com.netbanking.testcases.TC_LoginTest_001 -->
