<?xml version="1.0" encoding="UTF-8"?>
<!-- Generated by org.testng.reporters.JUnitReportReporter -->
<testsuite skipped="0" hostname="LAPTOP-J5KDCIMM" name="com.netbanking.testcases.TC_LoginTest_001" tests="1" failures="0" timestamp="28 May 2020 21:00:55 GMT" time="1.887" errors="0">
  <testcase name="logintest" time="1.887" classname="com.netbanking.testcases.TC_LoginTest_001"/>
</testsuite> <!-- com.netbanking.testcases.TC_LoginTest_001 -->
