<?xml version="1.0" encoding="UTF-8"?>
<!-- Generated by org.testng.reporters.JUnitReportReporter -->
<testsuite skipped="0" hostname="LAPTOP-J5KDCIMM" name="com.netbanking.testcases.TC_AddCustomer_003" tests="1" failures="0" timestamp="28 May 2020 21:00:55 GMT" time="7.250" errors="0">
  <testcase name="addCustomerTest" time="7.250" classname="com.netbanking.testcases.TC_AddCustomer_003"/>
</testsuite> <!-- com.netbanking.testcases.TC_AddCustomer_003 -->
